src/App.tsx(495,10): error TS2304: Cannot find name 'ChatbotWithResearch'.
src/App.tsx(498,27): error TS7006: Parameter 'message' implicitly has an 'any' type.
src/components/modules/ComprasFornecedores.tsx(16,3): error TS6133: 'Progress' is declared but its value is never read.
src/components/modules/ComprasFornecedores.tsx(43,5): error TS6133: 'countByStatus' is declared but its value is never read.
src/components/modules/ContasReceberIA.tsx(15,3): error TS6133: 'Calendar' is declared but its value is never read.
src/components/modules/ContasReceberIA.tsx(18,3): error TS6133: 'CreditCard' is declared but its value is never read.
src/components/modules/CRMVendas.tsx(67,10): error TS6133: 'funilData' is declared but its value is never read.
src/components/modules/CRMVendas.tsx(151,29): error TS2339: Property 'taxa' does not exist on type '{ total: number; ganhos: number; perdidos: number; emAndamento: number; taxaConversao: number; }'.
src/components/modules/EstoqueIA.tsx(28,3): error TS6133: 'CheckCircle' is declared but its value is never read.
src/components/modules/EstoqueIA.tsx(29,3): error TS6133: 'TrendingDown' is declared but its value is never read.
src/components/modules/EstoqueIA.tsx(78,58): error TS2304: Cannot find name 'Material'.
src/components/modules/EstoqueIA.tsx(173,37): error TS2339: Property 'descricao' does not exist on type 'Material'.
src/components/modules/EstoqueIA.tsx(174,18): error TS2339: Property 'descricao' does not exist on type 'Material'.
src/components/modules/EstoqueIA.tsx(291,80): error TS2339: Property 'descricao' does not exist on type 'Material'.
src/components/modules/EstoqueIA.tsx(408,14): error TS2686: 'React' refers to a UMD global, but the current file is a module. Consider adding an import instead.
src/components/modules/FinanceiroAvancado.tsx(105,10): error TS6133: 'resumoCustos' is declared but its value is never read.
src/components/modules/FinanceiroAvancado.tsx(146,57): error TS2339: Property 'status' does not exist on type 'ExtratoBancario'.
src/components/modules/FinanceiroAvancado.tsx(152,51): error TS2339: Property 'data' does not exist on type 'ExtratoBancario'.
src/components/modules/FinanceiroAvancado.tsx(289,11): error TS2345: Argument of type 'ContasReceberResumo | ResumoFinanceiro' is not assignable to parameter of type 'SetStateAction<ResumoFinanceiro | null>'.
  Type 'ContasReceberResumo' is not assignable to type 'SetStateAction<ResumoFinanceiro | null>'.
src/components/modules/FinanceiroAvancado.tsx(301,11): error TS2345: Argument of type 'ContasPagarResumo' is not assignable to parameter of type 'SetStateAction<ResumoFinanceiro | null>'.
src/components/modules/FinanceiroAvancado.tsx(313,11): error TS2345: Argument of type 'CentroCustosResumo' is not assignable to parameter of type 'SetStateAction<ResumoFinanceiro | null>'.
src/components/modules/FinanceiroAvancado.tsx(315,67): error TS2339: Property 'status' does not exist on type 'CentroCusto'.
src/components/modules/FinanceiroAvancado.tsx(316,71): error TS2339: Property 'status' does not exist on type 'CentroCusto'.
src/components/modules/FinanceiroAvancado.tsx(396,16): error TS18048: 'resumoReceber.inadimplencia' is possibly 'undefined'.
src/components/modules/FinanceiroAvancado.tsx(468,8): error TS18048: 'resumoReceber.pendentes' is possibly 'undefined'.
src/components/modules/FinanceiroAvancado.tsx(474,21): error TS18047: 'resumoReceber' is possibly 'null'.
src/components/modules/FinanceiroAvancado.tsx(477,40): error TS18047: 'resumoReceber' is possibly 'null'.
src/components/modules/FinanceiroAvancado.tsx(518,14): error TS2552: Cannot find name 'Download'. Did you mean 'onload'?
src/components/modules/FinanceiroAvancado.tsx(523,12): error TS2304: Cannot find name 'Search'.
src/components/modules/FinanceiroAvancado.tsx(559,12): error TS2304: Cannot find name 'Loader2'.
src/components/modules/FinanceiroAvancado.tsx(611,28): error TS2304: Cannot find name 'Eye'.
src/components/modules/FinanceiroAvancado.tsx(614,28): error TS2304: Cannot find name 'Edit2'.
src/components/modules/FinanceiroAvancado.tsx(641,8): error TS2686: 'React' refers to a UMD global, but the current file is a module. Consider adding an import instead.
src/components/modules/FolhaPagamento.tsx(2,35): error TS6133: 'CardDescription' is declared but its value is never read.
src/components/modules/FrotaVeiculos.tsx(2,39): error TS6133: 'CardDescription' is declared but its value is never read.
src/components/modules/GestaoContratos.tsx(309,22): error TS2322: Type '"success" | "warning" | "primary" | "danger" | "neutral"' is not assignable to type '"success" | "error" | "info" | "warning" | "default" | "primary" | undefined'.
  Type '"danger"' is not assignable to type '"success" | "error" | "info" | "warning" | "default" | "primary" | undefined'.
src/components/modules/GestaoContratos.tsx(347,11): error TS2353: Object literal may only specify known properties, and 'accessor' does not exist in type 'TableColumn<Record<string, unknown>>'.
src/components/modules/GestaoContratos.tsx(348,20): error TS7031: Binding element 'row' implicitly has an 'any' type.
src/components/modules/GestaoContratos.tsx(357,11): error TS2353: Object literal may only specify known properties, and 'accessor' does not exist in type 'TableColumn<Record<string, unknown>>'.
src/components/modules/GestaoContratos.tsx(358,20): error TS7031: Binding element 'row' implicitly has an 'any' type.
src/components/modules/GestaoContratos.tsx(366,11): error TS2353: Object literal may only specify known properties, and 'accessor' does not exist in type 'TableColumn<Record<string, unknown>>'.
src/components/modules/GestaoContratos.tsx(367,20): error TS7031: Binding element 'row' implicitly has an 'any' type.
src/components/modules/GestaoContratos.tsx(371,11): error TS2353: Object literal may only specify known properties, and 'accessor' does not exist in type 'TableColumn<Record<string, unknown>>'.
src/components/modules/GestaoContratos.tsx(372,20): error TS7031: Binding element 'row' implicitly has an 'any' type.
src/components/modules/GestaoContratos.tsx(374,27): error TS2322: Type '"success" | "info" | "warning" | "danger" | "neutral"' is not assignable to type '"success" | "error" | "info" | "warning" | "default" | "primary" | undefined'.
  Type '"danger"' is not assignable to type '"success" | "error" | "info" | "warning" | "default" | "primary" | undefined'.
src/components/modules/GestaoContratos.tsx(379,11): error TS2353: Object literal may only specify known properties, and 'accessor' does not exist in type 'TableColumn<Record<string, unknown>>'.
src/components/modules/GestaoContratos.tsx(380,20): error TS7031: Binding element 'row' implicitly has an 'any' type.
src/components/modules/GestaoContratos.tsx(380,37): error TS2322: Type '"outline"' is not assignable to type '"success" | "error" | "info" | "warning" | "default" | "primary" | undefined'.
src/components/modules/GestaoContratos.tsx(384,11): error TS2353: Object literal may only specify known properties, and 'accessor' does not exist in type 'TableColumn<Record<string, unknown>>'.
src/components/modules/GestaoContratos.tsx(385,20): error TS7031: Binding element 'row' implicitly has an 'any' type.
src/components/modules/GestaoContratos.tsx(387,23): error TS2322: Type '"ghost"' is not assignable to type '"success" | "error" | "warning" | "default" | "primary" | undefined'.
src/components/modules/GestaoContratos.tsx(387,39): error TS2322: Type '"xs"' is not assignable to type '"sm" | "md" | "lg" | undefined'.
src/components/modules/GestaoContratos.tsx(390,23): error TS2322: Type '"ghost"' is not assignable to type '"success" | "error" | "warning" | "default" | "primary" | undefined'.
src/components/modules/GestaoContratos.tsx(390,39): error TS2322: Type '"xs"' is not assignable to type '"sm" | "md" | "lg" | undefined'.
src/components/modules/GestaoContratos.tsx(394,34): error TS2322: Type '"ghost"' is not assignable to type '"success" | "error" | "warning" | "default" | "primary" | undefined'.
src/components/modules/GestaoContratos.tsx(394,50): error TS2322: Type '"xs"' is not assignable to type '"sm" | "md" | "lg" | undefined'.
src/components/modules/GestaoContratos.tsx(412,7): error TS2322: Type 'Contrato[]' is not assignable to type 'Record<string, unknown>[]'.
  Type 'Contrato' is not assignable to type 'Record<string, unknown>'.
    Index signature for type 'string' is missing in type 'Contrato'.
src/components/modules/GestaoContratos.tsx(437,23): error TS2322: Type '"secondary"' is not assignable to type '"success" | "error" | "warning" | "default" | "primary" | undefined'.
src/components/modules/GestaoContratos.tsx(452,14): error TS2304: Cannot find name 'Spinner'.
src/components/modules/GestaoContratos.tsx(481,33): error TS2322: Type '"xs"' is not assignable to type '"sm" | "md" | "lg" | undefined'.
src/components/modules/GestaoContratos.tsx(481,43): error TS2322: Type '"secondary"' is not assignable to type '"success" | "error" | "warning" | "default" | "primary" | undefined'.
src/components/modules/GestaoContratos.tsx(484,33): error TS2322: Type '"xs"' is not assignable to type '"sm" | "md" | "lg" | undefined'.
src/components/modules/GestaoContratos.tsx(484,43): error TS2322: Type '"ghost"' is not assignable to type '"success" | "error" | "warning" | "default" | "primary" | undefined'.
src/components/modules/GestaoContratos.tsx(554,29): error TS2322: Type '"secondary"' is not assignable to type '"success" | "error" | "warning" | "default" | "primary" | undefined'.
src/components/modules/GestaoContratos.tsx(562,37): error TS2353: Object literal may only specify known properties, and 'accessor' does not exist in type 'TableColumn<Record<string, unknown>>'.
src/components/modules/GestaoContratos.tsx(563,42): error TS2353: Object literal may only specify known properties, and 'accessor' does not exist in type 'TableColumn<Record<string, unknown>>'.
src/components/modules/GestaoContratos.tsx(563,80): error TS7031: Binding element 'row' implicitly has an 'any' type.
src/components/modules/GestaoContratos.tsx(564,43): error TS2353: Object literal may only specify known properties, and 'accessor' does not exist in type 'TableColumn<Record<string, unknown>>'.
src/components/modules/GestaoContratos.tsx(564,78): error TS7031: Binding element 'row' implicitly has an 'any' type.
src/components/modules/GestaoContratos.tsx(566,15): error TS2322: Type 'ContratoAditivo[]' is not assignable to type 'Record<string, unknown>[]'.
  Type 'ContratoAditivo' is not assignable to type 'Record<string, unknown>'.
    Index signature for type 'string' is missing in type 'ContratoAditivo'.
src/components/modules/GestaoContratos.tsx(586,38): error TS2353: Object literal may only specify known properties, and 'accessor' does not exist in type 'TableColumn<Record<string, unknown>>'.
src/components/modules/GestaoContratos.tsx(587,33): error TS2353: Object literal may only specify known properties, and 'accessor' does not exist in type 'TableColumn<Record<string, unknown>>'.
src/components/modules/GestaoContratos.tsx(588,39): error TS2353: Object literal may only specify known properties, and 'accessor' does not exist in type 'TableColumn<Record<string, unknown>>'.
src/components/modules/GestaoContratos.tsx(589,39): error TS2353: Object literal may only specify known properties, and 'accessor' does not exist in type 'TableColumn<Record<string, unknown>>'.
src/components/modules/GestaoContratos.tsx(591,13): error TS2322: Type 'ContratoSLA[]' is not assignable to type 'Record<string, unknown>[]'.
  Type 'ContratoSLA' is not assignable to type 'Record<string, unknown>'.
    Index signature for type 'string' is missing in type 'ContratoSLA'.
src/components/modules/GestaoContratos.tsx(612,35): error TS2353: Object literal may only specify known properties, and 'accessor' does not exist in type 'TableColumn<Record<string, unknown>>'.
src/components/modules/GestaoContratos.tsx(613,32): error TS2353: Object literal may only specify known properties, and 'accessor' does not exist in type 'TableColumn<Record<string, unknown>>'.
src/components/modules/GestaoContratos.tsx(613,66): error TS7031: Binding element 'row' implicitly has an 'any' type.
src/components/modules/GestaoContratos.tsx(614,47): error TS2353: Object literal may only specify known properties, and 'accessor' does not exist in type 'TableColumn<Record<string, unknown>>'.
src/components/modules/GestaoContratos.tsx(614,90): error TS7031: Binding element 'row' implicitly has an 'any' type.
src/components/modules/GestaoContratos.tsx(615,33): error TS2353: Object literal may only specify known properties, and 'accessor' does not exist in type 'TableColumn<Record<string, unknown>>'.
src/components/modules/GestaoContratos.tsx(615,71): error TS7031: Binding element 'row' implicitly has an 'any' type.
src/components/modules/GestaoContratos.tsx(616,38): error TS2353: Object literal may only specify known properties, and 'accessor' does not exist in type 'TableColumn<Record<string, unknown>>'.
src/components/modules/GestaoContratos.tsx(616,81): error TS7031: Binding element 'row' implicitly has an 'any' type.
src/components/modules/GestaoContratos.tsx(618,11): error TS2322: Type 'Contrato[]' is not assignable to type 'Record<string, unknown>[]'.
  Type 'Contrato' is not assignable to type 'Record<string, unknown>'.
    Index signature for type 'string' is missing in type 'Contrato'.
src/components/modules/GestaoContratos.tsx(632,31): error TS2353: Object literal may only specify known properties, and 'accessor' does not exist in type 'TableColumn<Record<string, unknown>>'.
src/components/modules/GestaoContratos.tsx(633,29): error TS2353: Object literal may only specify known properties, and 'accessor' does not exist in type 'TableColumn<Record<string, unknown>>'.
src/components/modules/GestaoContratos.tsx(634,35): error TS2353: Object literal may only specify known properties, and 'accessor' does not exist in type 'TableColumn<Record<string, unknown>>'.
src/components/modules/GestaoContratos.tsx(634,68): error TS7031: Binding element 'row' implicitly has an 'any' type.
src/components/modules/GestaoContratos.tsx(635,34): error TS2353: Object literal may only specify known properties, and 'accessor' does not exist in type 'TableColumn<Record<string, unknown>>'.
src/components/modules/GestaoContratos.tsx(635,68): error TS7031: Binding element 'row' implicitly has an 'any' type.
src/components/modules/GestaoContratos.tsx(637,7): error TS2322: Type 'Contrato[]' is not assignable to type 'Record<string, unknown>[]'.
  Type 'Contrato' is not assignable to type 'Record<string, unknown>'.
    Index signature for type 'string' is missing in type 'Contrato'.
src/components/modules/GestaoContratos.tsx(653,17): error TS2322: Type '"secondary"' is not assignable to type '"success" | "error" | "warning" | "default" | "primary" | undefined'.
src/components/modules/GestaoContratos.tsx(686,23): error TS2322: Type '"ghost"' is not assignable to type '"success" | "error" | "warning" | "default" | "primary" | undefined'.
src/components/modules/GestaoContratos.tsx(707,21): error TS2322: Type '"secondary"' is not assignable to type '"success" | "error" | "warning" | "default" | "primary" | undefined'.
src/components/modules/GestaoContratos.tsx(720,11): error TS2322: Type '{ value: string; label: string; icon: ForwardRefExoticComponent<Omit<LucideProps, "ref"> & RefAttributes<SVGSVGElement>>; }[]' is not assignable to type 'Tab[]'.
  Type '{ value: string; label: string; icon: ForwardRefExoticComponent<Omit<LucideProps, "ref"> & RefAttributes<SVGSVGElement>>; }' is missing the following properties from type 'Tab': id, content
src/components/modules/GestaoContratos.tsx(727,18): error TS2304: Cannot find name 'Spinner'.
src/components/modules/GestaoLeads.tsx(8,44): error TS6133: 'Mail' is declared but its value is never read.
src/components/modules/GestaoRiscos.tsx(2,39): error TS6133: 'CardDescription' is declared but its value is never read.
src/components/modules/GestaoRiscos.tsx(3,33): error TS2300: Duplicate identifier 'TrendingUp'.
src/components/modules/GestaoRiscos.tsx(3,66): error TS2300: Duplicate identifier 'TrendingUp'.
src/components/modules/GestãoCadastros.tsx(42,3): error TS6133: 'AlertCircle' is declared but its value is never read.
src/components/modules/GestãoCadastros.tsx(51,3): error TS6133: 'CreditCard' is declared but its value is never read.
src/components/modules/GestãoCadastros.tsx(80,66): error TS6133: 'createMedico' is declared but its value is never read.
src/components/modules/GestãoCadastros.tsx(80,80): error TS6133: 'updateMedico' is declared but its value is never read.
src/components/modules/GestãoCadastros.tsx(81,72): error TS6133: 'createHospital' is declared but its value is never read.
src/components/modules/GestãoCadastros.tsx(81,88): error TS6133: 'updateHospital' is declared but its value is never read.
src/components/modules/GestãoCadastros.tsx(86,10): error TS6133: 'selectedFilter' is declared but its value is never read.
src/components/modules/GestãoCadastros.tsx(86,26): error TS6133: 'setSelectedFilter' is declared but its value is never read.
src/components/modules/GestãoCadastros.tsx(87,10): error TS6133: 'isDrawerOpen' is declared but its value is never read.
src/components/modules/GestãoCadastros.tsx(88,10): error TS6133: 'drawerMode' is declared but its value is never read.
src/components/modules/GestãoCadastros.tsx(92,10): error TS6133: 'selectedItem' is declared but its value is never read.
src/components/modules/GestãoCadastros.tsx(390,137): error TS2345: Argument of type 'string | undefined' is not assignable to parameter of type 'string'.
  Type 'undefined' is not assignable to type 'string'.
src/components/modules/GestãoCadastros.tsx(655,14): error TS2686: 'React' refers to a UMD global, but the current file is a module. Consider adding an import instead.
src/components/modules/GruposProdutosOPME.tsx(8,55): error TS6133: 'Filter' is declared but its value is never read.
src/components/modules/LogisticaAvancada.tsx(7,3): error TS6133: 'Clock' is declared but its value is never read.
src/components/modules/LogisticaAvancada.tsx(55,5): error TS6133: 'updateEntrega' is declared but its value is never read.
src/components/modules/LogisticaAvancada.tsx(190,9): error TS6133: 'formatCurrency' is declared but its value is never read.
src/components/modules/ManutencaoFrota.tsx(2,39): error TS6133: 'CardDescription' is declared but its value is never read.
src/components/modules/ModulosAvancados.tsx(6,1): error TS6133: 'useState' is declared but its value is never read.
src/components/modules/ModulosAvancados.tsx(8,71): error TS6133: 'TrendingUp' is declared but its value is never read.
src/components/modules/ModulosCompliance.tsx(6,1): error TS6133: 'useState' is declared but its value is never read.
src/components/modules/ModulosCompliance.tsx(8,93): error TS6133: 'TrendingUp' is declared but its value is never read.
src/components/modules/NotasCompra.tsx(8,66): error TS6133: 'Calendar' is declared but its value is never read.
src/components/modules/NotasCompra.tsx(8,76): error TS6133: 'Package' is declared but its value is never read.
src/components/modules/OnboardingDigital.tsx(2,35): error TS6133: 'CardDescription' is declared but its value is never read.
src/components/modules/PerformanceEquipes.tsx(2,35): error TS6133: 'CardDescription' is declared but its value is never read.
src/components/modules/PontoEletronico.tsx(2,35): error TS6133: 'CardDescription' is declared but its value is never read.
src/components/modules/QualidadeOPME.tsx(2,39): error TS6133: 'CardDescription' is declared but its value is never read.
src/components/modules/QualidadeOPME.tsx(3,43): error TS2300: Duplicate identifier 'TrendingUp'.
src/components/modules/QualidadeOPME.tsx(3,65): error TS2300: Duplicate identifier 'TrendingUp'.
src/components/modules/RecrutamentoIA.tsx(2,35): error TS6133: 'CardDescription' is declared but its value is never read.
src/components/modules/RedesSociais.tsx(3,22): error TS2300: Duplicate identifier 'TrendingUp'.
src/components/modules/RedesSociais.tsx(3,48): error TS2300: Duplicate identifier 'TrendingUp'.
src/components/modules/RelacionamentoCliente.tsx(8,24): error TS6133: 'Phone' is declared but its value is never read.
src/components/modules/RelacionamentoCliente.tsx(8,31): error TS6133: 'Mail' is declared but its value is never read.
src/components/modules/RelatoriosExecutivos.tsx(15,3): error TS6133: 'Package' is declared but its value is never read.
src/components/modules/RelatoriosFinanceiros.tsx(17,3): error TS6133: 'Filter' is declared but its value is never read.
src/components/modules/RotasOtimizadas.tsx(8,25): error TS2300: Duplicate identifier 'TrendingUp'.
src/components/modules/RotasOtimizadas.tsx(8,52): error TS2300: Duplicate identifier 'TrendingUp'.
src/components/modules/SegurancaTrabalho.tsx(2,39): error TS6133: 'CardDescription' is declared but its value is never read.
src/components/modules/TelemetriaVeiculos.tsx(2,39): error TS6133: 'CardDescription' is declared but its value is never read.
src/components/modules/TransportadorasIA.tsx(8,32): error TS2300: Duplicate identifier 'TrendingUp'.
src/components/modules/TransportadorasIA.tsx(8,54): error TS2300: Duplicate identifier 'TrendingUp'.
src/components/modules/TreinamentoEquipes.tsx(2,35): error TS6133: 'CardDescription' is declared but its value is never read.
src/components/oraclusx-ds/ChatbotWithResearch.tsx(76,38): error TS18048: 'lastLog.message' is possibly 'undefined'.
src/components/oraclusx-ds/Tabs.tsx(43,10): error TS6133: 'indicatorStyle' is declared but its value is never read.
src/hooks/useCentroCustos.ts(96,10): error TS6133: 'realtimeChannel' is declared but its value is never read.
src/hooks/useContasReceber.ts(307,11): error TS6133: 'hoje' is declared but its value is never read.
src/hooks/useConvenios.ts(103,10): error TS6133: 'realtimeChannel' is declared but its value is never read.
src/hooks/useLotesFaturamento.ts(101,10): error TS6133: 'realtimeChannel' is declared but its value is never read.
src/lib/gpt-researcher-service.ts(31,11): error TS6133: 'timeout' is declared but its value is never read.
src/lib/gpt-researcher-service.ts(45,48): error TS2307: Cannot find module 'gpt-researcher' or its corresponding type declarations.
src/lib/services/CirurgiasAI.ts(242,45): error TS2339: Property 'descricao' does not exist on type '{ id: any; descricao: any; }[]'.
src/lib/services/ConciliacaoBancariaService.ts(20,3): error TS2305: Module '"@/hooks/useConciliacaoBancaria"' has no exported member 'ExtratoContaReceber'.
src/lib/services/ConciliacaoBancariaService.ts(21,3): error TS2305: Module '"@/hooks/useConciliacaoBancaria"' has no exported member 'ExtratoContaPagar'.
src/lib/services/ConciliacaoBancariaService.ts(47,15): error TS6133: 'tipo' is declared but its value is never read.
src/lib/services/ContasReceberAI.ts(382,5): error TS6133: 'score' is declared but its value is never read.
src/lib/services/PalavrasChaveService.ts(223,28): error TS6133: 'prompt' is declared but its value is never read.
src/lib/services/PortaisOPMEService.ts(324,5): error TS6133: 'portal' is declared but its value is never read.
src/lib/services/PortaisOPMEService.ts(352,5): error TS6133: 'portal' is declared but its value is never read.
src/lib/services/PortaisOPMEService.ts(377,5): error TS6133: 'portal' is declared but its value is never read.
src/lib/services/PortaisOPMEService.ts(402,5): error TS6133: 'portal' is declared but its value is never read.
src/lib/services/SEFAZService.ts(171,11): error TS6133: 'certificado' is declared but its value is never read.
src/lib/services/SEFAZService.ts(172,11): error TS6133: 'ufSefaz' is declared but its value is never read.
src/lib/services/SEFAZService.ts(516,33): error TS6133: 'xml' is declared but its value is never read.
src/lib/services/SEFAZService.ts(516,46): error TS6133: 'uf' is declared but its value is never read.
src/lib/services/SEFAZService.ts(528,41): error TS6133: 'xml' is declared but its value is never read.
src/lib/services/SEFAZService.ts(528,54): error TS6133: 'uf' is declared but its value is never read.
src/lib/services/SEFAZService.ts(537,28): error TS6133: 'xml' is declared but its value is never read.
src/lib/services/SEFAZService.ts(537,41): error TS6133: 'chaveAcesso' is declared but its value is never read.
src/lib/services/SEFAZService.ts(542,47): error TS6133: 'xml' is declared but its value is never read.
src/lib/services/SEFAZService.ts(542,60): error TS6133: 'pdf' is declared but its value is never read.
src/lib/services/transportadoras/nacionais/CorreiosService.ts(29,33): error TS2339: Property 'env' does not exist on type 'ImportMeta'.
src/lib/services/transportadoras/nacionais/CorreiosService.ts(30,31): error TS2339: Property 'env' does not exist on type 'ImportMeta'.
src/lib/services/transportadoras/nacionais/CorreiosService.ts(31,34): error TS2339: Property 'env' does not exist on type 'ImportMeta'.
src/lib/services/transportadoras/nacionais/CorreiosService.ts(85,36): error TS2345: Argument of type '{ codServico: string; cepOrigem: string; cepDestino: string; peso: number; comprimento: number; altura: number; largura: number; valorDeclarado: number; }' is not assignable to parameter of type 'CotacaoParams'.
  Type '{ codServico: string; cepOrigem: string; cepDestino: string; peso: number; comprimento: number; altura: number; largura: number; valorDeclarado: number; }' is missing the following properties from type 'CotacaoParams': origem, destino, volumes
src/lib/services/transportadoras/nacionais/CorreiosService.ts(195,23): error TS6133: 'params' is declared but its value is never read.
src/lib/services/transportadoras/nacionais/CorreiosService.ts(241,42): error TS2339: Property 'codServico' does not exist on type 'CotacaoParams'.
src/lib/services/transportadoras/nacionais/CorreiosService.ts(242,30): error TS2339: Property 'peso' does not exist on type 'CotacaoParams'.
src/lib/services/transportadoras/nacionais/CorreiosService.ts(242,48): error TS2339: Property 'comprimento' does not exist on type 'CotacaoParams'.
src/lib/services/transportadoras/nacionais/CorreiosService.ts(243,38): error TS2339: Property 'codServico' does not exist on type 'CotacaoParams'.
src/lib/services/transportadoras/nacionais/CorreiosService.ts(244,38): error TS2339: Property 'codServico' does not exist on type 'CotacaoParams'.
src/lib/services/transportadoras/nacionais/CorreiosService.ts(250,29): error TS2339: Property 'codServico' does not exist on type 'CotacaoParams'.
src/lib/services/transportadoras/nacionais/CorreiosService.ts(252,21): error TS2339: Property 'codServico' does not exist on type 'CotacaoParams'.
src/lib/services/transportadoras/nacionais/CorreiosService.ts(253,21): error TS2339: Property 'codServico' does not exist on type 'CotacaoParams'.
src/lib/services/transportadoras/nacionais/CorreiosService.ts(254,21): error TS2339: Property 'codServico' does not exist on type 'CotacaoParams'.
src/lib/services/transportadoras/nacionais/CorreiosService.ts(257,29): error TS2339: Property 'codServico' does not exist on type 'CotacaoParams'.
src/lib/services/transportadoras/nacionais/JadlogService.ts(28,31): error TS2339: Property 'env' does not exist on type 'ImportMeta'.
src/lib/services/transportadoras/nacionais/JadlogService.ts(29,30): error TS2339: Property 'env' does not exist on type 'ImportMeta'.
src/lib/services/transportadoras/nacionais/TNTService.ts(24,32): error TS2339: Property 'env' does not exist on type 'ImportMeta'.
src/lib/services/transportadoras/nacionais/TNTService.ts(25,35): error TS2339: Property 'env' does not exist on type 'ImportMeta'.
src/lib/supabase.ts(3,33): error TS2339: Property 'env' does not exist on type 'ImportMeta'.
src/lib/supabase.ts(4,37): error TS2339: Property 'env' does not exist on type 'ImportMeta'.
src/pages/Dashboard.tsx(14,3): error TS6133: 'Users' is declared but its value is never read.
src/pages/Dashboard.tsx(15,3): error TS6133: 'Calendar' is declared but its value is never read.
src/pages/GPTResearcherDemo.tsx(6,8): error TS6133: 'React' is declared but its value is never read.
